TN:
SF:src/index.js
FN:65,testarPosicao
FN:87,localizarCarta
FNF:2
FNH:2
FNDA:20,testarPosicao
FNDA:9,localizarCarta
DA:1,1
DA:2,1
DA:3,1
DA:4,1
DA:5,1
DA:6,1
DA:7,1
DA:8,1
DA:9,1
DA:10,1
DA:11,1
DA:12,1
DA:13,1
DA:14,1
DA:15,1
DA:16,1
DA:17,1
DA:18,1
DA:19,1
DA:20,1
DA:21,1
DA:22,1
DA:23,1
DA:24,1
DA:25,1
DA:26,1
DA:27,1
DA:28,1
DA:29,1
DA:30,1
DA:31,1
DA:32,1
DA:33,1
DA:34,1
DA:35,1
DA:36,1
DA:37,1
DA:38,1
DA:39,1
DA:40,1
DA:41,1
DA:42,1
DA:43,1
DA:44,1
DA:45,1
DA:46,1
DA:47,1
DA:48,1
DA:49,1
DA:50,1
DA:51,1
DA:52,1
DA:53,1
DA:54,1
DA:55,1
DA:56,1
DA:57,1
DA:58,1
DA:59,1
DA:60,1
DA:61,1
DA:62,1
DA:63,1
DA:64,1
DA:65,20
DA:66,20
DA:67,20
DA:68,20
DA:69,9
DA:70,9
DA:71,9
DA:72,9
DA:73,7
DA:74,11
DA:75,5
DA:76,5
DA:77,5
DA:78,5
DA:79,6
DA:80,6
DA:81,6
DA:82,6
DA:83,6
DA:84,20
DA:85,1
DA:86,1
DA:87,9
DA:88,9
DA:89,8
DA:90,8
DA:91,8
DA:92,8
DA:93,8
DA:94,8
DA:95,20
DA:96,20
DA:97,20
DA:98,20
DA:99,20
DA:100,20
DA:101,7
DA:102,7
DA:103,7
DA:104,7
DA:105,6
DA:106,6
DA:107,6
DA:108,1
DA:109,1
DA:110,1
DA:111,1
DA:112,1
DA:113,1
DA:114,1
DA:115,1
DA:116,1
DA:117,1
DA:118,1
DA:119,1
DA:120,1
DA:121,1
DA:122,1
DA:123,1
DA:124,1
DA:125,1
DA:126,1
DA:127,1
DA:128,1
DA:129,1
DA:130,1
DA:131,1
DA:132,1
DA:133,1
DA:134,1
DA:135,1
DA:136,1
DA:137,1
DA:138,1
DA:139,1
DA:140,1
DA:141,1
DA:142,1
DA:143,1
DA:144,1
DA:145,1
DA:146,1
DA:147,1
DA:148,1
DA:149,1
DA:150,1
DA:151,1
DA:152,1
DA:153,1
DA:154,1
DA:155,1
DA:156,1
DA:157,1
DA:158,1
DA:159,1
DA:160,1
DA:161,1
DA:162,1
DA:163,1
DA:164,1
DA:165,1
DA:166,1
DA:167,1
DA:168,1
DA:169,1
DA:170,1
DA:171,1
DA:172,1
DA:173,1
DA:174,1
DA:175,1
DA:176,1
DA:177,1
DA:178,1
DA:179,1
DA:180,1
DA:181,1
DA:182,1
DA:183,1
DA:184,1
DA:185,1
DA:186,1
LF:186
LH:186
BRDA:65,0,0,20
BRDA:69,1,0,9
BRDA:73,2,0,7
BRDA:73,3,0,2
BRDA:73,4,0,7
BRDA:74,5,0,11
BRDA:75,6,0,5
BRDA:79,7,0,6
BRDA:87,8,0,9
BRDA:89,9,0,1
BRDA:89,10,0,8
BRDA:95,11,0,20
BRDA:101,12,0,7
BRDA:103,13,0,13
BRDA:103,14,0,7
BRDA:105,15,0,6
BRDA:108,16,0,1
BRF:17
BRH:17
end_of_record
