TN:
SF:src/index.js
FN:23,localizarCartaLinear
FN:114,pesquisaBinaria
FN:133,localizarCarta
FN:134,condicao
FN:151,primeiraOcorrencia
FN:165,ultimaOcorrencia
FN:181,priemiraEUltimaOcorrencia
FNF:7
FNH:4
FNDA:1,localizarCartaLinear
FNDA:10,pesquisaBinaria
FNDA:10,localizarCarta
FNDA:35,condicao
FNDA:0,primeiraOcorrencia
FNDA:0,ultimaOcorrencia
FNDA:0,priemiraEUltimaOcorrencia
DA:1,1
DA:2,1
DA:3,1
DA:4,1
DA:5,1
DA:6,1
DA:7,1
DA:8,1
DA:9,1
DA:10,1
DA:11,1
DA:12,1
DA:13,1
DA:14,1
DA:15,1
DA:16,1
DA:17,1
DA:18,1
DA:19,1
DA:20,1
DA:21,1
DA:22,1
DA:23,1
DA:24,1
DA:25,99998
DA:26,99998
DA:27,1
DA:28,1
DA:29,1
DA:30,1
DA:31,0
DA:32,0
DA:33,0
DA:34,0
DA:35,1
DA:36,1
DA:37,1
DA:38,1
DA:39,1
DA:40,1
DA:41,1
DA:42,1
DA:43,1
DA:44,1
DA:45,1
DA:46,1
DA:47,1
DA:48,1
DA:49,1
DA:50,1
DA:51,1
DA:52,1
DA:53,1
DA:54,1
DA:55,1
DA:56,1
DA:57,1
DA:58,1
DA:59,1
DA:60,1
DA:61,1
DA:62,1
DA:63,1
DA:64,1
DA:65,1
DA:66,1
DA:67,1
DA:68,1
DA:69,1
DA:70,1
DA:71,1
DA:72,1
DA:73,1
DA:74,1
DA:75,1
DA:76,1
DA:77,1
DA:78,1
DA:79,1
DA:80,1
DA:81,1
DA:82,1
DA:83,1
DA:84,1
DA:85,1
DA:86,1
DA:87,1
DA:88,1
DA:89,1
DA:90,1
DA:91,1
DA:92,1
DA:93,1
DA:94,1
DA:95,1
DA:96,1
DA:97,1
DA:98,1
DA:99,1
DA:100,1
DA:101,1
DA:102,1
DA:103,1
DA:104,1
DA:105,1
DA:106,1
DA:107,1
DA:108,1
DA:109,1
DA:110,1
DA:111,1
DA:112,1
DA:113,1
DA:114,10
DA:115,9
DA:116,9
DA:117,35
DA:118,35
DA:119,35
DA:120,35
DA:121,8
DA:122,8
DA:123,7
DA:124,7
DA:125,20
DA:126,20
DA:127,20
DA:128,1
DA:129,1
DA:130,1
DA:131,1
DA:132,1
DA:133,10
DA:134,35
DA:135,10
DA:136,8
DA:137,2
DA:138,8
DA:139,5
DA:140,5
DA:141,20
DA:142,20
DA:143,20
DA:144,35
DA:145,10
DA:146,10
DA:147,10
DA:148,1
DA:149,1
DA:150,1
DA:151,0
DA:152,0
DA:153,0
DA:154,0
DA:155,0
DA:156,0
DA:157,0
DA:158,0
DA:159,0
DA:160,0
DA:161,0
DA:162,0
DA:163,0
DA:164,1
DA:165,0
DA:166,0
DA:167,0
DA:168,0
DA:169,0
DA:170,0
DA:171,0
DA:172,0
DA:173,0
DA:174,0
DA:175,0
DA:176,0
DA:177,0
DA:178,0
DA:179,0
DA:180,1
DA:181,0
DA:182,0
DA:183,0
LF:183
LH:148
BRDA:23,0,0,1
BRDA:25,1,0,99998
BRDA:27,2,0,1
BRDA:31,3,0,0
BRDA:114,4,0,10
BRDA:115,5,0,1
BRDA:115,6,0,9
BRDA:117,7,0,35
BRDA:121,8,0,8
BRDA:123,9,0,27
BRDA:123,10,0,7
BRDA:125,11,0,20
BRDA:128,12,0,1
BRDA:133,13,0,10
BRDA:134,14,0,35
BRDA:135,15,0,10
BRDA:136,16,0,8
BRDA:137,17,0,2
BRDA:138,18,0,8
BRDA:139,19,0,25
BRDA:139,20,0,5
BRDA:141,21,0,20
BRF:22
BRH:21
end_of_record
